This is pdfTeX, Version 3.141592653-2.6-1.40.24 (TeX Live 2022/Arch Linux) (preloaded format=pdflatex 2022.5.13)  30 MAY 2022 19:32
entering extended mode
 restricted \write18 enabled.
 file:line:error style messages enabled.
 %&-line parsing enabled.
**/home/shi/Documents/UFMG/CN/TP1/doc/egpaper_final.tex
(/home/shi/Documents/UFMG/CN/TP1/doc/egpaper_final.tex
LaTeX2e <2021-11-15> patch level 1
L3 programming layer <2022-04-10> (/usr/share/texmf-dist/tex/latex/base/article.cls
Document Class: article 2021/10/04 v1.4n Standard LaTeX document class
(/usr/share/texmf-dist/tex/latex/base/size10.clo
File: size10.clo 2021/10/04 v1.4n Standard LaTeX file (size option)
)
\c@part=\count185
\c@section=\count186
\c@subsection=\count187
\c@subsubsection=\count188
\c@paragraph=\count189
\c@subparagraph=\count190
\c@figure=\count191
\c@table=\count192
\abovecaptionskip=\skip47
\belowcaptionskip=\skip48
\bibindent=\dimen138
) (./cvpr.sty (./eso-pic.sty
Package: eso-pic 2002/11/16 v1.1b eso-pic (RN)
 (./cvpr_eso.sty

LaTeX Warning: You have requested package `eso-pic',
               but the package provides `everyshi'.

Package: everyshi 2001/05/15 v3.00 EveryShipout Package (MS)
) (/usr/share/texmf-dist/tex/latex/graphics/keyval.sty
Package: keyval 2014/10/28 v1.15 key=value parser (DPC)
\KV@toks@=\toks16
)) (/usr/share/texmf-dist/tex/latex/tools/xspace.sty
Package: xspace 2014/10/28 v1.13 Space after command names (DPC,MH)
)
CVPR 8.5 x 11-Inch Proceedings Style `cvpr.sty'.
\@ctmp=\skip49
\@figindent=\skip50
\cvprrulerbox=\box50
\cvprrulercount=\count193
\cvprruleroffset=\dimen139
\cv@lineheight=\dimen140
\cv@boxheight=\dimen141
\cv@tmpbox=\box51
\cv@refno=\count194
\cv@tot=\count195
\cv@tmpc@=\count196
\cv@tmpc=\count197
) (/usr/share/texmf-dist/tex/latex/psnfss/times.sty
Package: times 2020/03/25 PSNFSS-v9.3 (SPQR) 
) (/usr/share/texmf-dist/tex/latex/graphics/epsfig.sty
Package: epsfig 2017/06/25 v1.7b (e)psfig emulation (SPQR)
 (/usr/share/texmf-dist/tex/latex/graphics/graphicx.sty
Package: graphicx 2021/09/16 v1.2d Enhanced LaTeX Graphics (DPC,SPQR)
 (/usr/share/texmf-dist/tex/latex/graphics/graphics.sty
Package: graphics 2021/03/04 v1.4d Standard LaTeX Graphics (DPC,SPQR)
 (/usr/share/texmf-dist/tex/latex/graphics/trig.sty
Package: trig 2021/08/11 v1.11 sin cos tan (DPC)
) (/usr/share/texmf-dist/tex/latex/graphics-cfg/graphics.cfg
File: graphics.cfg 2016/06/04 v1.11 sample graphics configuration
)
Package graphics Info: Driver file: pdftex.def on input line 107.
 (/usr/share/texmf-dist/tex/latex/graphics-def/pdftex.def
File: pdftex.def 2020/10/05 v1.2a Graphics/color driver for pdftex
))
\Gin@req@height=\dimen142
\Gin@req@width=\dimen143
)
\epsfxsize=\dimen144
\epsfysize=\dimen145
) (/usr/share/texmf-dist/tex/latex/amsmath/amsmath.sty
Package: amsmath 2021/10/15 v2.17l AMS math features
\@mathmargin=\skip51

For additional information on amsmath, use the `?' option.
(/usr/share/texmf-dist/tex/latex/amsmath/amstext.sty
Package: amstext 2021/08/26 v2.01 AMS text
 (/usr/share/texmf-dist/tex/latex/amsmath/amsgen.sty
File: amsgen.sty 1999/11/30 v2.0 generic functions
\@emptytoks=\toks17
\ex@=\dimen146
)) (/usr/share/texmf-dist/tex/latex/amsmath/amsbsy.sty
Package: amsbsy 1999/11/29 v1.2d Bold Symbols
\pmbraise@=\dimen147
) (/usr/share/texmf-dist/tex/latex/amsmath/amsopn.sty
Package: amsopn 2021/08/26 v2.02 operator names
)
\inf@bad=\count198
LaTeX Info: Redefining \frac on input line 234.
\uproot@=\count199
\leftroot@=\count266
LaTeX Info: Redefining \overline on input line 399.
\classnum@=\count267
\DOTSCASE@=\count268
LaTeX Info: Redefining \ldots on input line 496.
LaTeX Info: Redefining \dots on input line 499.
LaTeX Info: Redefining \cdots on input line 620.
\Mathstrutbox@=\box52
\strutbox@=\box53
\big@size=\dimen148
LaTeX Font Info:    Redeclaring font encoding OML on input line 743.
LaTeX Font Info:    Redeclaring font encoding OMS on input line 744.
\macc@depth=\count269
\c@MaxMatrixCols=\count270
\dotsspace@=\muskip16
\c@parentequation=\count271
\dspbrk@lvl=\count272
\tag@help=\toks18
\row@=\count273
\column@=\count274
\maxfields@=\count275
\andhelp@=\toks19
\eqnshift@=\dimen149
\alignsep@=\dimen150
\tagshift@=\dimen151
\tagwidth@=\dimen152
\totwidth@=\dimen153
\lineht@=\dimen154
\@envbody=\toks20
\multlinegap=\skip52
\multlinetaggap=\skip53
\mathdisplay@stack=\toks21
LaTeX Info: Redefining \[ on input line 2938.
LaTeX Info: Redefining \] on input line 2939.
) (/usr/share/texmf-dist/tex/latex/amsfonts/amssymb.sty
Package: amssymb 2013/01/14 v3.01 AMS font symbols
 (/usr/share/texmf-dist/tex/latex/amsfonts/amsfonts.sty
Package: amsfonts 2013/01/14 v3.01 Basic AMSFonts support
\symAMSa=\mathgroup4
\symAMSb=\mathgroup5
LaTeX Font Info:    Redeclaring math symbol \hbar on input line 98.
LaTeX Font Info:    Overwriting math alphabet `\mathfrak' in version `bold'
(Font)                  U/euf/m/n --> U/euf/b/n on input line 106.
)) (/usr/share/texmf-dist/tex/latex/float/float.sty
Package: float 2001/11/08 v1.3d Float enhancements (AL)
\c@float@type=\count276
\float@exts=\toks22
\float@box=\box54
\@float@everytoks=\toks23
\@floatcapt=\box55
) (/usr/share/texmf-dist/tex/latex/hyperref/hyperref.sty
Package: hyperref 2022-02-21 v7.00n Hypertext links for LaTeX
 (/usr/share/texmf-dist/tex/generic/ltxcmds/ltxcmds.sty
Package: ltxcmds 2020-05-10 v1.25 LaTeX kernel commands for general use (HO)
) (/usr/share/texmf-dist/tex/generic/iftex/iftex.sty
Package: iftex 2022/02/03 v1.0f TeX engine tests
) (/usr/share/texmf-dist/tex/generic/pdftexcmds/pdftexcmds.sty
Package: pdftexcmds 2020-06-27 v0.33 Utility functions of pdfTeX for LuaTeX (HO)
 (/usr/share/texmf-dist/tex/generic/infwarerr/infwarerr.sty
Package: infwarerr 2019/12/03 v1.5 Providing info/warning/error messages (HO)
)
Package pdftexcmds Info: \pdf@primitive is available.
Package pdftexcmds Info: \pdf@ifprimitive is available.
Package pdftexcmds Info: \pdfdraftmode found.
) (/usr/share/texmf-dist/tex/generic/kvsetkeys/kvsetkeys.sty
Package: kvsetkeys 2019/12/15 v1.18 Key value parser (HO)
) (/usr/share/texmf-dist/tex/generic/kvdefinekeys/kvdefinekeys.sty
Package: kvdefinekeys 2019-12-19 v1.6 Define keys (HO)
) (/usr/share/texmf-dist/tex/generic/pdfescape/pdfescape.sty
Package: pdfescape 2019/12/09 v1.15 Implements pdfTeX's escape features (HO)
) (/usr/share/texmf-dist/tex/latex/hycolor/hycolor.sty
Package: hycolor 2020-01-27 v1.10 Color options for hyperref/bookmark (HO)
) (/usr/share/texmf-dist/tex/latex/letltxmacro/letltxmacro.sty
Package: letltxmacro 2019/12/03 v1.6 Let assignment for LaTeX macros (HO)
) (/usr/share/texmf-dist/tex/latex/auxhook/auxhook.sty
Package: auxhook 2019-12-17 v1.6 Hooks for auxiliary files (HO)
) (/usr/share/texmf-dist/tex/latex/kvoptions/kvoptions.sty
Package: kvoptions 2020-10-07 v3.14 Key value format for package options (HO)
)
\@linkdim=\dimen155
\Hy@linkcounter=\count277
\Hy@pagecounter=\count278
 (/usr/share/texmf-dist/tex/latex/hyperref/pd1enc.def
File: pd1enc.def 2022-02-21 v7.00n Hyperref: PDFDocEncoding definition (HO)
Now handling font encoding PD1 ...
... no UTF-8 mapping file for font encoding PD1
) (/usr/share/texmf-dist/tex/generic/intcalc/intcalc.sty
Package: intcalc 2019/12/15 v1.3 Expandable calculations with integers (HO)
) (/usr/share/texmf-dist/tex/generic/etexcmds/etexcmds.sty
Package: etexcmds 2019/12/15 v1.7 Avoid name clashes with e-TeX commands (HO)
)
\Hy@SavedSpaceFactor=\count279
 (/usr/share/texmf-dist/tex/latex/hyperref/puenc.def
File: puenc.def 2022-02-21 v7.00n Hyperref: PDF Unicode definition (HO)
Now handling font encoding PU ...
... no UTF-8 mapping file for font encoding PU
)
Package hyperref Info: Option `breaklinks' set `true' on input line 4018.
Package hyperref Info: Option `bookmarks' set `false' on input line 4018.
Package hyperref Info: Hyper figures OFF on input line 4137.
Package hyperref Info: Link nesting OFF on input line 4142.
Package hyperref Info: Hyper index ON on input line 4145.
Package hyperref Info: Plain pages OFF on input line 4152.
Package hyperref Info: Backreferencing OFF on input line 4157.
Package hyperref Info: Implicit mode ON; LaTeX internals redefined.
Package hyperref Info: Bookmarks OFF on input line 4396.
\c@Hy@tempcnt=\count280
 (/usr/share/texmf-dist/tex/latex/url/url.sty
\Urlmuskip=\muskip17
Package: url 2013/09/16  ver 3.4  Verb mode for urls, etc.
)
LaTeX Info: Redefining \url on input line 4749.
\XeTeXLinkMargin=\dimen156
 (/usr/share/texmf-dist/tex/generic/bitset/bitset.sty
Package: bitset 2019/12/09 v1.3 Handle bit-vector datatype (HO)
 (/usr/share/texmf-dist/tex/generic/bigintcalc/bigintcalc.sty
Package: bigintcalc 2019/12/15 v1.5 Expandable calculations on big integers (HO)
))
\Fld@menulength=\count281
\Field@Width=\dimen157
\Fld@charsize=\dimen158
Package hyperref Info: Hyper figures OFF on input line 6027.
Package hyperref Info: Link nesting OFF on input line 6032.
Package hyperref Info: Hyper index ON on input line 6035.
Package hyperref Info: backreferencing OFF on input line 6042.
Package hyperref Info: Link coloring OFF on input line 6047.
Package hyperref Info: Link coloring with OCG OFF on input line 6052.
Package hyperref Info: PDF/A mode OFF on input line 6057.
LaTeX Info: Redefining \ref on input line 6097.
LaTeX Info: Redefining \pageref on input line 6101.
 (/usr/share/texmf-dist/tex/latex/base/atbegshi-ltx.sty
Package: atbegshi-ltx 2021/01/10 v1.0c Emulation of the original atbegshi
package with kernel methods
)
\Hy@abspage=\count282
\c@Item=\count283
\c@Hfootnote=\count284
)
Package hyperref Info: Driver (autodetected): hpdftex.
 (/usr/share/texmf-dist/tex/latex/hyperref/hpdftex.def
File: hpdftex.def 2022-02-21 v7.00n Hyperref driver for pdfTeX
 (/usr/share/texmf-dist/tex/latex/base/atveryend-ltx.sty
Package: atveryend-ltx 2020/08/19 v1.0a Emulation of the original atveryend package
with kernel methods
)
\Fld@listcount=\count285
\c@bookmark@seq@number=\count286
 (/usr/share/texmf-dist/tex/latex/rerunfilecheck/rerunfilecheck.sty
Package: rerunfilecheck 2019/12/05 v1.9 Rerun checks for auxiliary files (HO)
 (/usr/share/texmf-dist/tex/generic/uniquecounter/uniquecounter.sty
Package: uniquecounter 2019/12/15 v1.4 Provide unlimited unique counter (HO)
)
Package uniquecounter Info: New unique counter `rerunfilecheck' on input line 286.
)
\Hy@SectionHShift=\skip54
)
LaTeX Font Info:    Trying to load font information for OT1+ptm on input line 25.
 (/usr/share/texmf-dist/tex/latex/psnfss/ot1ptm.fd
File: ot1ptm.fd 2001/06/04 font definitions for OT1/ptm.
) (/usr/share/texmf-dist/tex/latex/l3backend/l3backend-pdftex.def
File: l3backend-pdftex.def 2022-04-14 L3 backend support: PDF output (pdfTeX)
\l__color_backend_stack_int=\count287
\l__pdf_internal_box=\box56
) (./egpaper_final.aux)
\openout1 = `egpaper_final.aux'.

LaTeX Font Info:    Checking defaults for OML/cmm/m/it on input line 25.
LaTeX Font Info:    ... okay on input line 25.
LaTeX Font Info:    Checking defaults for OMS/cmsy/m/n on input line 25.
LaTeX Font Info:    ... okay on input line 25.
LaTeX Font Info:    Checking defaults for OT1/cmr/m/n on input line 25.
LaTeX Font Info:    ... okay on input line 25.
LaTeX Font Info:    Checking defaults for T1/cmr/m/n on input line 25.
LaTeX Font Info:    ... okay on input line 25.
LaTeX Font Info:    Checking defaults for TS1/cmr/m/n on input line 25.
LaTeX Font Info:    ... okay on input line 25.
LaTeX Font Info:    Checking defaults for OMX/cmex/m/n on input line 25.
LaTeX Font Info:    ... okay on input line 25.
LaTeX Font Info:    Checking defaults for U/cmr/m/n on input line 25.
LaTeX Font Info:    ... okay on input line 25.
LaTeX Font Info:    Checking defaults for PD1/pdf/m/n on input line 25.
LaTeX Font Info:    ... okay on input line 25.
LaTeX Font Info:    Checking defaults for PU/pdf/m/n on input line 25.
LaTeX Font Info:    ... okay on input line 25.
 ABD: EveryShipout initializing macros (/usr/share/texmf-dist/tex/latex/graphics/color.sty
Package: color 2021/12/07 v1.3c Standard LaTeX Color (DPC)
 (/usr/share/texmf-dist/tex/latex/graphics-cfg/color.cfg
File: color.cfg 2016/01/02 v1.6 sample color configuration
)
Package color Info: Driver file: pdftex.def on input line 149.
) (/usr/share/texmf-dist/tex/context/base/mkii/supp-pdf.mkii
[Loading MPS to PDF converter (version 2006.09.02).]
\scratchcounter=\count288
\scratchdimen=\dimen159
\scratchbox=\box57
\nofMPsegments=\count289
\nofMParguments=\count290
\everyMPshowfont=\toks24
\MPscratchCnt=\count291
\MPscratchDim=\dimen160
\MPnumerator=\count292
\makeMPintoPDFobject=\count293
\everyMPtoPDFconversion=\toks25
) (/usr/share/texmf-dist/tex/latex/epstopdf-pkg/epstopdf-base.sty
Package: epstopdf-base 2020-01-24 v2.11 Base part for package epstopdf
Package epstopdf-base Info: Redefining graphics rule for `.eps' on input line 485.
 (/usr/share/texmf-dist/tex/latex/latexconfig/epstopdf-sys.cfg
File: epstopdf-sys.cfg 2010/07/13 v1.3 Configuration of (r)epstopdf for TeX Live
))
Package hyperref Info: Link coloring OFF on input line 25.
 (/usr/share/texmf-dist/tex/latex/hyperref/nameref.sty
Package: nameref 2021-04-02 v2.47 Cross-referencing by name of section
 (/usr/share/texmf-dist/tex/latex/refcount/refcount.sty
Package: refcount 2019/12/15 v3.6 Data extraction from label references (HO)
) (/usr/share/texmf-dist/tex/generic/gettitlestring/gettitlestring.sty
Package: gettitlestring 2019/12/15 v1.6 Cleanup title references (HO)
)
\c@section@level=\count294
)
LaTeX Info: Redefining \ref on input line 25.
LaTeX Info: Redefining \pageref on input line 25.
LaTeX Info: Redefining \nameref on input line 25.
LaTeX Font Info:    Trying to load font information for U+msa on input line 44.
 (/usr/share/texmf-dist/tex/latex/amsfonts/umsa.fd
File: umsa.fd 2013/01/14 v3.01 AMS symbols A
)
LaTeX Font Info:    Trying to load font information for U+msb on input line 44.
 (/usr/share/texmf-dist/tex/latex/amsfonts/umsb.fd
File: umsb.fd 2013/01/14 v3.01 AMS symbols B
)
LaTeX Font Info:    Trying to load font information for OT1+pcr on input line 44.
 (/usr/share/texmf-dist/tex/latex/psnfss/ot1pcr.fd
File: ot1pcr.fd 2001/06/04 font definitions for OT1/pcr.
)
Underfull \hbox (badness 6236) in paragraph at lines 59--60
[]\OT1/ptm/m/n/10 Inicialmente foram tomadas di-ver-sas de-cis[]oes de
 []


Underfull \hbox (badness 3746) in paragraph at lines 63--64
[]\OT1/ptm/m/n/10 A implementa[][]ao ini-cial ex-e-cu-tava cruza-men-tos e
 []

<./images//tree.png, id=4, 98.61844pt x 188.95593pt>
File: ./images//tree.png Graphic file (type png)
<use ./images//tree.png>
Package pdftex.def Info: ./images//tree.png  used on input line 73.
(pdftex.def)             Requested size: 98.61818pt x 188.95546pt.

Underfull \hbox (badness 10000) in paragraph at lines 82--84
[]\OT1/ptm/m/n/10 O con-junto de fun[][]oes uti-liza-dos foi
 []

[1{/var/lib/texmf/fonts/map/pdftex/updmap/pdftex.map}


 <./images//tree.png>]
Underfull \hbox (badness 1968) in paragraph at lines 107--108
[]\OT1/ptm/m/n/10 Essa fun[][]ao pe-nal-iza forte-mente in-div[]^^Pduos com a
 []

<./images//popgen_best.png, id=29, 877.2775pt x 412.54124pt>
File: ./images//popgen_best.png Graphic file (type png)
<use ./images//popgen_best.png>
Package pdftex.def Info: ./images//popgen_best.png  used on input line 130.
(pdftex.def)             Requested size: 237.13594pt x 111.51352pt.

Underfull \hbox (badness 3271) in paragraph at lines 132--132
[]\OT1/ptm/m/n/9 Figure 2. []Melhor in-div[]^^Pduo para di-ver-sas combina[][]oes de
 []

<./images//times.png, id=30, 886.31125pt x 412.54124pt>
File: ./images//times.png Graphic file (type png)
<use ./images//times.png>
Package pdftex.def Info: ./images//times.png  used on input line 138.
(pdftex.def)             Requested size: 237.13594pt x 110.37415pt.
<./images//elitism_best.png, id=33, 890.32625pt x 412.54124pt>
File: ./images//elitism_best.png Graphic file (type png)
<use ./images//elitism_best.png>
Package pdftex.def Info: ./images//elitism_best.png  used on input line 150.
(pdftex.def)             Requested size: 237.13594pt x 109.87685pt.
<./images//elitism_div.png, id=34, 880.28876pt x 412.54124pt>
File: ./images//elitism_div.png Graphic file (type png)
<use ./images//elitism_div.png>
Package pdftex.def Info: ./images//elitism_div.png  used on input line 151.
(pdftex.def)             Requested size: 237.13594pt x 111.12953pt.
[2 <./images//popgen_best.png> <./images//times.png>]
<./images//mut_best.png, id=57, 890.32625pt x 414.54875pt>
File: ./images//mut_best.png Graphic file (type png)
<use ./images//mut_best.png>
Package pdftex.def Info: ./images//mut_best.png  used on input line 167.
(pdftex.def)             Requested size: 237.13594pt x 110.41153pt.
<./images//mut_div.png, id=58, 880.28876pt x 412.54124pt>
File: ./images//mut_div.png Graphic file (type png)
<use ./images//mut_div.png>
Package pdftex.def Info: ./images//mut_div.png  used on input line 168.
(pdftex.def)             Requested size: 237.13594pt x 111.12953pt.

Underfull \vbox (badness 10000) has occurred while \output is active []

<./images//mut_better.png, id=59, 880.28876pt x 412.54124pt>
File: ./images//mut_better.png Graphic file (type png)
<use ./images//mut_better.png>
Package pdftex.def Info: ./images//mut_better.png  used on input line 176.
(pdftex.def)             Requested size: 237.13594pt x 111.12953pt.
<./images//better_child.png, id=60, 880.28876pt x 412.54124pt>
File: ./images//better_child.png Graphic file (type png)
<use ./images//better_child.png>
Package pdftex.def Info: ./images//better_child.png  used on input line 184.
(pdftex.def)             Requested size: 237.13594pt x 111.12953pt.
 [3 <./images//elitism_best.png> <./images//elitism_div.png> <./images//mut_best.png> <./images//mut_div.png> <./images//mut_better.png> <./images//better_child.png>]
<./images//phi_best.png, id=78, 890.32625pt x 412.54124pt>
File: ./images//phi_best.png Graphic file (type png)
<use ./images//phi_best.png>
Package pdftex.def Info: ./images//phi_best.png  used on input line 196.
(pdftex.def)             Requested size: 237.13594pt x 109.87685pt.
<./images//phi_div.png, id=79, 880.28876pt x 412.54124pt>
File: ./images//phi_div.png Graphic file (type png)
<use ./images//phi_div.png>
Package pdftex.def Info: ./images//phi_div.png  used on input line 197.
(pdftex.def)             Requested size: 237.13594pt x 111.12953pt.

Underfull \hbox (badness 1571) in paragraph at lines 211--212
[]\OT1/ptm/m/n/10 Para o ob-je-tivo de se-le-cionar o mel-hor par[]ametro,
 []

<./images//tourn_best.png, id=82, 890.32625pt x 412.54124pt>
File: ./images//tourn_best.png Graphic file (type png)
<use ./images//tourn_best.png>
Package pdftex.def Info: ./images//tourn_best.png  used on input line 216.
(pdftex.def)             Requested size: 237.13594pt x 109.87685pt.
<./images//tourn_div.png, id=83, 880.28876pt x 412.54124pt>
File: ./images//tourn_div.png Graphic file (type png)
<use ./images//tourn_div.png>
Package pdftex.def Info: ./images//tourn_div.png  used on input line 217.
(pdftex.def)             Requested size: 237.13594pt x 111.12953pt.

Underfull \vbox (badness 10000) has occurred while \output is active []

<./images//final.png, id=86, 883.3pt x 416.55624pt>
File: ./images//final.png Graphic file (type png)
<use ./images//final.png>
Package pdftex.def Info: ./images//final.png  used on input line 256.
(pdftex.def)             Requested size: 237.13594pt x 111.82971pt.

Underfull \hbox (badness 5064) in paragraph at lines 266--267
[]\OT1/ptm/m/n/10 A seguir ap-re-sen-ta-mos es-tat[]^^Psticas de-s-criti-vas das
 []

[4 <./images//phi_best.png> <./images//phi_div.png> <./images//tourn_best.png> <./images//tourn_div.png> <./images//final.png>]
<./images//synth1_ground.png, id=107, 441.90094pt x 393.72093pt>
File: ./images//synth1_ground.png Graphic file (type png)
<use ./images//synth1_ground.png>
Package pdftex.def Info: ./images//synth1_ground.png  used on input line 327.
(pdftex.def)             Requested size: 118.56796pt x 105.6392pt.
<./images//synth1_plot.png, id=108, 313.17pt x 290.08376pt>
File: ./images//synth1_plot.png Graphic file (type png)
<use ./images//synth1_plot.png>
Package pdftex.def Info: ./images//synth1_plot.png  used on input line 327.
(pdftex.def)             Requested size: 118.56796pt x 109.82574pt.
<./images//synth2_ground.png, id=109, 431.36156pt x 386.94562pt>
File: ./images//synth2_ground.png Graphic file (type png)
<use ./images//synth2_ground.png>
Package pdftex.def Info: ./images//synth2_ground.png  used on input line 332.
(pdftex.def)             Requested size: 118.56796pt x 106.35428pt.
<./images//synth2_plot.png, id=110, 313.17pt x 290.08376pt>
File: ./images//synth2_plot.png Graphic file (type png)
<use ./images//synth2_plot.png>
Package pdftex.def Info: ./images//synth2_plot.png  used on input line 332.
(pdftex.def)             Requested size: 118.56796pt x 109.82574pt.

Overfull \hbox (24.00002pt too wide) in paragraph at lines 325--334
[][] 
 []


Underfull \vbox (badness 10000) has occurred while \output is active []

 [5 <./images//synth1_ground.png (PNG copy)> <./images//synth1_plot.png> <./images//synth2_ground.png (PNG copy)> <./images//synth2_plot.png>] (./egpaper_final.aux) ) 
Here is how much of TeX's memory you used:
 10014 strings out of 478238
 155433 string characters out of 5850456
 460555 words of memory out of 5000000
 28043 multiletter control sequences out of 15000+600000
 491396 words of font info for 81 fonts, out of 8000000 for 9000
 1141 hyphenation exceptions out of 8191
 70i,12n,76p,817b,362s stack positions out of 5000i,500n,10000p,200000b,80000s
{/usr/share/texmf-dist/fonts/enc/dvips/base/8r.enc}</usr/share/texmf-dist/fonts/type1/public/amsfonts/cm/cmex10.pfb></usr/share/texmf-dist/fonts/type1/public/amsfonts/cm/cmmi10.pfb></usr/share/texmf-dist/fonts/type1/public/amsfonts/cm/cmmi7.pfb></usr/share/texmf-dist/fonts/type1/public/amsfonts/cm/cmmi9.pfb></usr/share/texmf-dist/fonts/type1/public/amsfonts/cm/cmr10.pfb></usr/share/texmf-dist/fonts/type1/public/amsfonts/cm/cmr7.pfb></usr/share/texmf-dist/fonts/type1/public/amsfonts/cm/cmsy10.pfb></usr/share/texmf-dist/fonts/type1/urw/courier/ucrr8a.pfb></usr/share/texmf-dist/fonts/type1/urw/times/utmb8a.pfb></usr/share/texmf-dist/fonts/type1/urw/times/utmr8a.pfb></usr/share/texmf-dist/fonts/type1/urw/times/utmri8a.pfb>
Output written on egpaper_final.pdf (5 pages, 1034628 bytes).
PDF statistics:
 182 PDF objects out of 1000 (max. 8388607)
 116 compressed objects within 2 object streams
 41 named destinations out of 1000 (max. 500000)
 91 words of extra memory for PDF output out of 10000 (max. 10000000)

